
> frontend@0.1.0 dev
> next dev --port 12001 --hostname 0.0.0.0

   ▲ Next.js 15.5.4
   - Local:        http://localhost:12001
   - Network:      http://0.0.0.0:12001

 ✓ Starting...
 ✓ Ready in 1552ms
 ○ Compiling / ...
 ✓ Compiled / in 4s (2637 modules)
 HEAD / 200 in 4604ms
 HEAD / 200 in 38ms
 GET / 200 in 83ms
 GET / 200 in 46ms
 GET / 200 in 45ms
 GET / 200 in 40ms
 GET / 200 in 46ms
 GET / 200 in 39ms
 GET / 200 in 40ms
 GET / 200 in 43ms
 ⚠ Cross origin request detected from work-2-qfryhminnhzyeegv.prod-runtime.all-hands.dev to /_next/* resource. In a future major version of Next.js, you will need to explicitly configure "allowedDevOrigins" in next.config to allow this.
Read more: https://nextjs.org/docs/app/api-reference/config/next-config-js/allowedDevOrigins
 GET / 200 in 45ms
 GET / 200 in 49ms
 GET / 200 in 42ms
 GET / 200 in 39ms
 GET / 200 in 41ms
 GET / 200 in 41ms
 GET / 200 in 36ms
 GET / 200 in 43ms
 GET / 200 in 39ms
 GET / 200 in 36ms
 GET / 200 in 55ms
 GET / 200 in 37ms
 GET / 200 in 47ms
 GET / 200 in 42ms
 GET / 200 in 36ms
 GET / 200 in 47ms
 GET / 200 in 35ms
 GET / 200 in 42ms
 GET / 200 in 35ms
 GET / 200 in 42ms
 GET / 200 in 43ms
 GET / 200 in 65ms
 GET / 200 in 42ms
 GET / 200 in 43ms
 GET / 200 in 39ms
 GET / 200 in 36ms
 GET / 200 in 37ms
 GET / 200 in 43ms
 ✓ Compiled in 1446ms (1273 modules)
 GET / 200 in 26ms
 GET / 200 in 40ms
 GET / 200 in 36ms
 GET / 200 in 42ms
 GET / 200 in 34ms
 GET / 200 in 38ms
 GET / 200 in 44ms
 GET / 200 in 39ms
 GET / 200 in 40ms
 GET / 200 in 36ms
 GET / 200 in 33ms
 GET / 200 in 37ms
 GET / 200 in 35ms
 GET / 200 in 37ms
 GET / 200 in 37ms
 GET / 200 in 36ms
 GET / 200 in 38ms
 GET / 200 in 36ms
 GET / 200 in 40ms
 GET / 200 in 36ms
 GET / 200 in 34ms
 GET / 200 in 62ms
 GET / 200 in 53ms
 GET / 200 in 46ms
 GET / 200 in 40ms
 GET / 200 in 40ms
 ✓ Compiled in 517ms (1273 modules)
 GET / 200 in 23ms
 ✓ Compiled in 1225ms (2645 modules)
 GET / 200 in 106ms
 ✓ Compiled in 524ms (2645 modules)
 GET / 200 in 89ms
 ⚠ ./src/app/page.tsx
Attempted import error: '@/components/family-tree' does not contain a default export (imported as 'FamilyTree').

Import trace for requested module:
./src/app/page.tsx

./src/app/page.tsx
Attempted import error: '@/components/family-tree' does not contain a default export (imported as 'FamilyTree').

Import trace for requested module:
./src/app/page.tsx
 GET / 200 in 149ms
 ⚠ ./src/app/page.tsx
Attempted import error: '@/components/family-tree' does not contain a default export (imported as 'FamilyTree').

Import trace for requested module:
./src/app/page.tsx

./src/app/page.tsx
Attempted import error: '@/components/family-tree' does not contain a default export (imported as 'FamilyTree').

Import trace for requested module:
./src/app/page.tsx
 GET / 200 in 54ms
 ⨯ ./src/components/family-tree.tsx
Error: 

Caused by:
    0: Failed to read source code from /workspace/project/Heirloom/frontend/src/components/family-tree.tsx
    1: No such file or directory (os error 2)

Import trace for requested module:
./src/components/family-tree.tsx
./src/app/page.tsx
 ✓ Compiled in 2s (2653 modules)
 GET / 200 in 112ms
 ✓ Compiled in 568ms (1274 modules)
 GET / 200 in 29ms
 GET / 200 in 353ms
 ⨯ ./src/components/timeline-view.tsx
Error: 

Caused by:
    0: Failed to read source code from /workspace/project/Heirloom/frontend/src/components/timeline-view.tsx
    1: No such file or directory (os error 2)

Import trace for requested module:
./src/components/timeline-view.tsx
./src/app/page.tsx
 ○ Compiling /_error ...
 ⨯ ./src/components/timeline-view.tsx
Error: 

Caused by:
    0: Failed to read source code from /workspace/project/Heirloom/frontend/src/components/timeline-view.tsx
    1: No such file or directory (os error 2)

Import trace for requested module:
./src/components/timeline-view.tsx
./src/app/page.tsx
 GET / 500 in 1699ms
 GET / 500 in 351ms
 GET / 500 in 14ms
 GET / 500 in 11ms
 GET / 500 in 12ms
 GET / 500 in 13ms
 GET / 500 in 12ms
 GET / 500 in 21ms
 GET / 500 in 18ms
 GET / 500 in 18ms
 GET / 500 in 15ms
 GET / 500 in 18ms
 GET / 500 in 16ms
 GET / 500 in 18ms
 ✓ Compiled /_error in 2.4s (3005 modules)
 ⚠ Fast Refresh had to perform a full reload. Read more: https://nextjs.org/docs/messages/fast-refresh-reload
 GET / 200 in 450ms
 GET / 200 in 33ms
 ✓ Compiled /favicon.ico in 453ms (1590 modules)
 GET /favicon.ico 200 in 578ms
 GET / 200 in 396ms
 ⨯ ./src/components/user-profile.tsx
Error: 

Caused by:
    0: Failed to read source code from /workspace/project/Heirloom/frontend/src/components/user-profile.tsx
    1: No such file or directory (os error 2)

Import trace for requested module:
./src/components/user-profile.tsx
./src/app/page.tsx
 ⨯ ./src/components/user-profile.tsx
Error: 

Caused by:
    0: Failed to read source code from /workspace/project/Heirloom/frontend/src/components/user-profile.tsx
    1: No such file or directory (os error 2)

Import trace for requested module:
./src/components/user-profile.tsx
./src/app/page.tsx
 GET / 500 in 345ms
 ○ Compiling /_error ...
 GET / 500 in 17ms
 GET / 500 in 12ms
 GET / 500 in 13ms
 GET / 500 in 12ms
 ✓ Compiled /_error in 2.1s (3017 modules)
 GET / 200 in 152ms
 ✓ Compiled /favicon.ico in 208ms (1596 modules)
 GET /favicon.ico 200 in 302ms
 GET / 200 in 399ms
 ✓ Compiled in 669ms (2941 modules)
 GET / 200 in 135ms
 GET / 200 in 292ms
 GET / 200 in 31ms
 ⨯ ./src/components/luxury-heirloom-interface.tsx
Error:   [31mx[0m Expected ';', '}' or <eof>
    ,-[[36;1;4m/workspace/project/Heirloom/frontend/src/components/luxury-heirloom-interface.tsx[0m:46:1]
 [2m43[0m |       icon: React.ComponentType<any>
 [2m44[0m |       color: string
 [2m45[0m |     }
 [2m46[0m | [35;1m,[0m[35;1m-[0m[35;1m>[0m     date: "December 3, 2015",
 [2m47[0m | [35;1m|[0m[35;1m-[0m[35;1m>[0m     location: "Boston General Hospital",
    : [35;1m`[0m[35;1m---[0m[33;1m            ^[0m
    : [35;1m`[0m[35;1m---[0m[35;1m-[0m [35;1mThis is the expression part of an expression statement[0m
 [2m48[0m |         description: "The continuation of our family story",
 [2m49[0m |         gradient: "linear-gradient(135deg, #1a1a1a, #2a2a2a)"
 [2m50[0m |       },
    `----

Caused by:
    Syntax Error

Import trace for requested module:
./src/components/luxury-heirloom-interface.tsx
./src/app/page.tsx
 ⨯ ./src/components/luxury-heirloom-interface.tsx
Error:   [31mx[0m Expected ';', '}' or <eof>
    ,-[[36;1;4m/workspace/project/Heirloom/frontend/src/components/luxury-heirloom-interface.tsx[0m:46:1]
 [2m43[0m |       icon: React.ComponentType<any>
 [2m44[0m |       color: string
 [2m45[0m |     }
 [2m46[0m | [35;1m,[0m[35;1m-[0m[35;1m>[0m     date: "December 3, 2015",
 [2m47[0m | [35;1m|[0m[35;1m-[0m[35;1m>[0m     location: "Boston General Hospital",
    : [35;1m`[0m[35;1m---[0m[33;1m            ^[0m
    : [35;1m`[0m[35;1m---[0m[35;1m-[0m [35;1mThis is the expression part of an expression statement[0m
 [2m48[0m |         description: "The continuation of our family story",
 [2m49[0m |         gradient: "linear-gradient(135deg, #1a1a1a, #2a2a2a)"
 [2m50[0m |       },
    `----

Caused by:
    Syntax Error

Import trace for requested module:
./src/components/luxury-heirloom-interface.tsx
./src/app/page.tsx
 GET / 500 in 713ms
 ○ Compiling /_error ...
 GET / 500 in 15ms
 GET / 500 in 17ms
 ⨯ ./src/components/luxury-heirloom-interface.tsx
Error: 

Caused by:
    0: Failed to read source code from /workspace/project/Heirloom/frontend/src/components/luxury-heirloom-interface.tsx
    1: No such file or directory (os error 2)

Import trace for requested module:
./src/components/luxury-heirloom-interface.tsx
./src/app/page.tsx
 GET / 500 in 11ms
 GET / 500 in 12ms
 GET / 500 in 13ms
 GET / 500 in 17ms
 GET / 500 in 30ms
 GET / 500 in 17ms
 GET / 500 in 16ms
 ✓ Compiled /_error in 1510ms (3029 modules)
 GET / 200 in 158ms
 GET / 200 in 307ms
 GET / 200 in 48ms
 GET / 200 in 45ms
 GET / 200 in 51ms
 GET / 200 in 55ms
 GET / 200 in 40ms
 GET / 200 in 38ms
 GET / 200 in 43ms
 GET / 200 in 43ms
 GET / 200 in 41ms
 GET / 200 in 36ms
 GET / 200 in 39ms
 GET / 200 in 40ms
 GET / 200 in 34ms
 GET / 200 in 46ms
 GET / 200 in 34ms
 GET / 200 in 41ms
 GET / 200 in 32ms
 GET / 200 in 40ms
 GET / 200 in 33ms
 GET / 200 in 38ms
 GET / 200 in 35ms
 GET / 200 in 41ms
 GET / 200 in 33ms
 GET / 200 in 38ms
 GET / 200 in 33ms
 GET / 200 in 82ms
 GET / 200 in 41ms
 GET / 200 in 45ms
 GET / 200 in 32ms
 GET / 200 in 46ms
 GET / 200 in 38ms
 GET / 200 in 35ms
 GET / 200 in 45ms
 GET / 200 in 33ms
 GET / 200 in 41ms
 GET / 200 in 33ms
 GET / 200 in 41ms
 GET / 200 in 36ms
 GET / 200 in 39ms
 GET / 200 in 32ms
 ✓ Compiled in 675ms (1443 modules)
 GET / 200 in 25ms
 GET / 200 in 17ms
